Arguments: 
  /Users/paulogiust/.nvm/versions/node/v8.5.0/bin/node /Users/paulogiust/.yarn/bin/yarn.js init

PATH: 
  /usr/local/mysql/bin:/Users/paulogiust/.yarn/bin:/Users/paulogiust/.config/yarn/global/node_modules/.bin:/Users/paulogiust/.yarn/bin:/Users/paulogiust/.config/yarn/global/node_modules/.bin:/Users/paulogiust/.nvm/versions/node/v8.5.0/bin:/usr/local/bin:/usr/bin:/bin:/usr/sbin:/sbin

Yarn version: 
  1.16.0

Node version: 
  8.5.0

Platform: 
  darwin x64

Trace: 
  Error: canceled
      at Interface.<anonymous> (/Users/paulogiust/.yarn/lib/cli.js:125850:13)
      at emitNone (events.js:105:13)
      at Interface.emit (events.js:207:7)
      at Interface._ttyWrite (readline.js:770:16)
      at ReadStream.onkeypress (readline.js:158:10)
      at emitTwo (events.js:125:13)
      at ReadStream.emit (events.js:213:7)
      at emitKeys (internal/readline.js:420:14)
      at emitKeys.next (<anonymous>)
      at ReadStream.onData (readline.js:1007:36)

npm manifest: 
  No manifest

yarn manifest: 
  No manifest

Lockfile: 
  No lockfile
